<?xml version="1.0" encoding="UTF-8"?>
<testsuite name="ru.stqa.pft.addressbook.tests.GroupDeletionTests" tests="1" skipped="0" failures="0" errors="0" timestamp="2021-06-09T01:42:36" hostname="Vladyslavs-MacBook-Pro.local" time="0.284">
  <properties/>
  <testcase name="testGroupDeletion" classname="ru.stqa.pft.addressbook.tests.GroupDeletionTests" time="0.284"/>
  <system-out><![CDATA[21:42:36.536 [Test worker] INFO  r.s.pft.addressbook.tests.TestBase - Start test testGroupDeletion with parameters []
Hibernate: select groupdata0_.group_id as group_id1_1_, groupdata0_.group_footer as group_fo2_1_, groupdata0_.group_header as group_he3_1_, groupdata0_.group_name as group_na4_1_ from group_list groupdata0_
GroupData{name='test1', id='155'}
GroupData{name='test 0', id='156'}
GroupData{name='test 1', id='157'}
GroupData{name='test 2', id='158'}
Hibernate: select groupdata0_.group_id as group_id1_1_, groupdata0_.group_footer as group_fo2_1_, groupdata0_.group_header as group_he3_1_, groupdata0_.group_name as group_na4_1_ from group_list groupdata0_
GroupData{name='test1', id='155'}
GroupData{name='test 0', id='156'}
GroupData{name='test 1', id='157'}
GroupData{name='test 2', id='158'}
Hibernate: select groupdata0_.group_id as group_id1_1_, groupdata0_.group_footer as group_fo2_1_, groupdata0_.group_header as group_he3_1_, groupdata0_.group_name as group_na4_1_ from group_list groupdata0_
GroupData{name='test 0', id='156'}
GroupData{name='test 1', id='157'}
GroupData{name='test 2', id='158'}
21:42:36.973 [Test worker] INFO  r.s.pft.addressbook.tests.TestBase - Stop test testGroupDeletion with parameters []
]]></system-out>
  <system-err><![CDATA[]]></system-err>
</testsuite>
