<?xml version="1.0" encoding="UTF-8"?>
<testsuite name="ru.stqa.pft.addressbook.tests.ContactDeletionTests" tests="1" skipped="0" failures="0" errors="0" timestamp="2021-06-09T01:40:34" hostname="Vladyslavs-MacBook-Pro.local" time="2.519">
  <properties/>
  <testcase name="contactDeletionTest" classname="ru.stqa.pft.addressbook.tests.ContactDeletionTests" time="2.519"/>
  <system-out><![CDATA[21:40:34.615 [Test worker] INFO  r.s.pft.addressbook.tests.TestBase - Start test contactDeletionTest with parameters []
Hibernate: select contactdat0_.id as id1_0_, contactdat0_.firstname as firstnam2_0_, contactdat0_.home as home3_0_, contactdat0_.lastname as lastname4_0_, contactdat0_.mobile as mobile5_0_, contactdat0_.work as work6_0_ from addressbook contactdat0_ where deprecated='0000-00-00'
ContactData{firstname='Test1Edit', lastname='Test2Edit', id=151}
Hibernate: select contactdat0_.id as id1_0_, contactdat0_.firstname as firstnam2_0_, contactdat0_.home as home3_0_, contactdat0_.lastname as lastname4_0_, contactdat0_.mobile as mobile5_0_, contactdat0_.work as work6_0_ from addressbook contactdat0_ where deprecated='0000-00-00'
ContactData{firstname='Test1Edit', lastname='Test2Edit', id=151}
Hibernate: select contactdat0_.id as id1_0_, contactdat0_.firstname as firstnam2_0_, contactdat0_.home as home3_0_, contactdat0_.lastname as lastname4_0_, contactdat0_.mobile as mobile5_0_, contactdat0_.work as work6_0_ from addressbook contactdat0_ where deprecated='0000-00-00'
21:40:37.151 [Test worker] INFO  r.s.pft.addressbook.tests.TestBase - Stop test contactDeletionTest with parameters []
]]></system-out>
  <system-err><![CDATA[]]></system-err>
</testsuite>
