<?xml version="1.0" encoding="UTF-8"?>
<testsuite name="ru.stqa.pft.addressbook.tests.ContactPhoneTests" tests="1" skipped="0" failures="0" errors="0" timestamp="2021-06-09T01:40:38" hostname="Vladyslavs-MacBook-Pro.local" time="0.486">
  <properties/>
  <testcase name="testContactPhones" classname="ru.stqa.pft.addressbook.tests.ContactPhoneTests" time="0.486"/>
  <system-out><![CDATA[21:40:37.154 [Test worker] INFO  r.s.pft.addressbook.tests.TestBase - Start test testContactPhones with parameters []
Hibernate: select contactdat0_.id as id1_0_, contactdat0_.firstname as firstnam2_0_, contactdat0_.home as home3_0_, contactdat0_.lastname as lastname4_0_, contactdat0_.mobile as mobile5_0_, contactdat0_.work as work6_0_ from addressbook contactdat0_ where deprecated='0000-00-00'
21:40:38.814 [Test worker] INFO  r.s.pft.addressbook.tests.TestBase - Stop test testContactPhones with parameters []
]]></system-out>
  <system-err><![CDATA[]]></system-err>
</testsuite>
