<?xml version="1.0" encoding="UTF-8"?>
<testsuite name="ru.stqa.pft.addressbook.tests.ContactDeletionTests" tests="1" skipped="0" failures="1" errors="0" timestamp="2021-06-17T01:42:06" hostname="Vladyslavs-MacBook-Pro.local" time="2.667">
  <properties/>
  <testcase name="contactDeletionTest" classname="ru.stqa.pft.addressbook.tests.ContactDeletionTests" time="2.667">
    <failure message="java.lang.AssertionError: &#10;Expected: &lt;[ContactData{firstname='Firstname 2', lastname='Lastname 2', mobile='', email='test2@email.com', id=171}, ContactData{firstname='Firstname 0', lastname='Lastname 0', mobile='', email='test0@email.com', id=166}, ContactData{firstname='Test1Edit', lastname='Test2Edit', mobile='+000000000', email='testEDIT@email.com', id=167}, ContactData{firstname='Test1Edit', lastname='Test2Edit', mobile='+000000000', email='testEDIT@email.com', id=170}, ContactData{firstname='Firstname 0', lastname='Lastname 0', mobile='', email='test0@email.com', id=172}, ContactData{firstname='Firstname 1', lastname='Lastname 1', mobile='', email='test1@email.com', id=173}, ContactData{firstname='Firstname 2', lastname='Lastname 2', mobile='', email='test2@email.com', id=174}, ContactData{firstname='Test1Edit', lastname='Test2Edit', mobile='+000000000', email='testEDIT@email.com', id=159}]&gt;&#10;     but: was &lt;[ContactData{firstname='Firstname 0', lastname='Lastname 0', mobile='', email='test0@email.com', id=166}, ContactData{firstname='Test1Edit', lastname='Test2Edit', mobile='+000000000', email='testEDIT@email.com', id=167}, ContactData{firstname='Test1Edit', lastname='Test2Edit', mobile='+000000000', email='testEDIT@email.com', id=170}, ContactData{firstname='Firstname 0', lastname='Lastname 0', mobile='', email='test0@email.com', id=172}, ContactData{firstname='Firstname 1', lastname='Lastname 1', mobile='', email='test1@email.com', id=173}, ContactData{firstname='Firstname 2', lastname='Lastname 2', mobile='', email='test2@email.com', id=174}, ContactData{firstname='Test1Edit', lastname='Test2Edit', mobile='+000000000', email='testEDIT@email.com', id=159}]&gt;" type="java.lang.AssertionError">java.lang.AssertionError: 
Expected: &lt;[ContactData{firstname='Firstname 2', lastname='Lastname 2', mobile='', email='test2@email.com', id=171}, ContactData{firstname='Firstname 0', lastname='Lastname 0', mobile='', email='test0@email.com', id=166}, ContactData{firstname='Test1Edit', lastname='Test2Edit', mobile='+000000000', email='testEDIT@email.com', id=167}, ContactData{firstname='Test1Edit', lastname='Test2Edit', mobile='+000000000', email='testEDIT@email.com', id=170}, ContactData{firstname='Firstname 0', lastname='Lastname 0', mobile='', email='test0@email.com', id=172}, ContactData{firstname='Firstname 1', lastname='Lastname 1', mobile='', email='test1@email.com', id=173}, ContactData{firstname='Firstname 2', lastname='Lastname 2', mobile='', email='test2@email.com', id=174}, ContactData{firstname='Test1Edit', lastname='Test2Edit', mobile='+000000000', email='testEDIT@email.com', id=159}]&gt;
     but: was &lt;[ContactData{firstname='Firstname 0', lastname='Lastname 0', mobile='', email='test0@email.com', id=166}, ContactData{firstname='Test1Edit', lastname='Test2Edit', mobile='+000000000', email='testEDIT@email.com', id=167}, ContactData{firstname='Test1Edit', lastname='Test2Edit', mobile='+000000000', email='testEDIT@email.com', id=170}, ContactData{firstname='Firstname 0', lastname='Lastname 0', mobile='', email='test0@email.com', id=172}, ContactData{firstname='Firstname 1', lastname='Lastname 1', mobile='', email='test1@email.com', id=173}, ContactData{firstname='Firstname 2', lastname='Lastname 2', mobile='', email='test2@email.com', id=174}, ContactData{firstname='Test1Edit', lastname='Test2Edit', mobile='+000000000', email='testEDIT@email.com', id=159}]&gt;
	at org.hamcrest.MatcherAssert.assertThat(MatcherAssert.java:20)
	at org.hamcrest.MatcherAssert.assertThat(MatcherAssert.java:6)
	at ru.stqa.pft.addressbook.tests.ContactDeletionTests.contactDeletionTest(ContactDeletionTests.java:34)
	at sun.reflect.NativeMethodAccessorImpl.invoke0(Native Method)
	at sun.reflect.NativeMethodAccessorImpl.invoke(NativeMethodAccessorImpl.java:62)
	at sun.reflect.DelegatingMethodAccessorImpl.invoke(DelegatingMethodAccessorImpl.java:43)
	at java.lang.reflect.Method.invoke(Method.java:498)
	at org.testng.internal.MethodInvocationHelper.invokeMethod(MethodInvocationHelper.java:124)
	at org.testng.internal.Invoker.invokeMethod(Invoker.java:583)
	at org.testng.internal.Invoker.invokeTestMethod(Invoker.java:719)
	at org.testng.internal.Invoker.invokeTestMethods(Invoker.java:989)
	at org.testng.internal.TestMethodWorker.invokeTestMethods(TestMethodWorker.java:125)
	at org.testng.internal.TestMethodWorker.run(TestMethodWorker.java:109)
	at org.testng.TestRunner.privateRun(TestRunner.java:648)
	at org.testng.TestRunner.run(TestRunner.java:505)
	at org.testng.SuiteRunner.runTest(SuiteRunner.java:455)
	at org.testng.SuiteRunner.runSequentially(SuiteRunner.java:450)
	at org.testng.SuiteRunner.privateRun(SuiteRunner.java:415)
	at org.testng.SuiteRunner.run(SuiteRunner.java:364)
	at org.testng.SuiteRunnerWorker.runSuite(SuiteRunnerWorker.java:52)
	at org.testng.SuiteRunnerWorker.run(SuiteRunnerWorker.java:84)
	at org.testng.TestNG.runSuitesSequentially(TestNG.java:1208)
	at org.testng.TestNG.runSuitesLocally(TestNG.java:1137)
	at org.testng.TestNG.runSuites(TestNG.java:1049)
	at org.testng.TestNG.run(TestNG.java:1017)
	at org.gradle.api.internal.tasks.testing.testng.TestNGTestClassProcessor.runTests(TestNGTestClassProcessor.java:140)
	at org.gradle.api.internal.tasks.testing.testng.TestNGTestClassProcessor.stop(TestNGTestClassProcessor.java:89)
	at org.gradle.api.internal.tasks.testing.SuiteTestClassProcessor.stop(SuiteTestClassProcessor.java:61)
	at sun.reflect.NativeMethodAccessorImpl.invoke0(Native Method)
	at sun.reflect.NativeMethodAccessorImpl.invoke(NativeMethodAccessorImpl.java:62)
	at sun.reflect.DelegatingMethodAccessorImpl.invoke(DelegatingMethodAccessorImpl.java:43)
	at java.lang.reflect.Method.invoke(Method.java:498)
	at org.gradle.internal.dispatch.ReflectionDispatch.dispatch(ReflectionDispatch.java:35)
	at org.gradle.internal.dispatch.ReflectionDispatch.dispatch(ReflectionDispatch.java:24)
	at org.gradle.internal.dispatch.ContextClassLoaderDispatch.dispatch(ContextClassLoaderDispatch.java:32)
	at org.gradle.internal.dispatch.ProxyDispatchAdapter$DispatchingInvocationHandler.invoke(ProxyDispatchAdapter.java:93)
	at com.sun.proxy.$Proxy2.stop(Unknown Source)
	at org.gradle.api.internal.tasks.testing.worker.TestWorker.stop(TestWorker.java:132)
	at sun.reflect.NativeMethodAccessorImpl.invoke0(Native Method)
	at sun.reflect.NativeMethodAccessorImpl.invoke(NativeMethodAccessorImpl.java:62)
	at sun.reflect.DelegatingMethodAccessorImpl.invoke(DelegatingMethodAccessorImpl.java:43)
	at java.lang.reflect.Method.invoke(Method.java:498)
	at org.gradle.internal.dispatch.ReflectionDispatch.dispatch(ReflectionDispatch.java:35)
	at org.gradle.internal.dispatch.ReflectionDispatch.dispatch(ReflectionDispatch.java:24)
	at org.gradle.internal.remote.internal.hub.MessageHubBackedObjectConnection$DispatchWrapper.dispatch(MessageHubBackedObjectConnection.java:175)
	at org.gradle.internal.remote.internal.hub.MessageHubBackedObjectConnection$DispatchWrapper.dispatch(MessageHubBackedObjectConnection.java:157)
	at org.gradle.internal.remote.internal.hub.MessageHub$Handler.run(MessageHub.java:404)
	at org.gradle.internal.concurrent.ExecutorPolicy$CatchAndRecordFailures.onExecute(ExecutorPolicy.java:63)
	at org.gradle.internal.concurrent.ManagedExecutorImpl$1.run(ManagedExecutorImpl.java:46)
	at java.util.concurrent.ThreadPoolExecutor.runWorker(ThreadPoolExecutor.java:1149)
	at java.util.concurrent.ThreadPoolExecutor$Worker.run(ThreadPoolExecutor.java:624)
	at org.gradle.internal.concurrent.ThreadFactoryImpl$ManagedThreadRunnable.run(ThreadFactoryImpl.java:55)
	at java.lang.Thread.run(Thread.java:813)
</failure>
  </testcase>
  <system-out><![CDATA[21:42:06.000 [Test worker] INFO  r.s.pft.addressbook.tests.TestBase - Start test contactDeletionTest with parameters []
Hibernate: select contactdat0_.id as id1_1_, contactdat0_.email as email2_1_, contactdat0_.firstname as firstnam3_1_, contactdat0_.home as home4_1_, contactdat0_.lastname as lastname5_1_, contactdat0_.mobile as mobile6_1_, contactdat0_.work as work7_1_ from addressbook contactdat0_ where deprecated='0000-00-00'
Hibernate: select groups0_.id as id1_0_0_, groups0_.group_id as group_id2_0_0_, groupdata1_.group_id as group_id1_2_1_, groupdata1_.group_footer as group_fo2_2_1_, groupdata1_.group_header as group_he3_2_1_, groupdata1_.group_name as group_na4_2_1_ from address_in_groups groups0_ inner join group_list groupdata1_ on groups0_.group_id=groupdata1_.group_id where groups0_.id=?
Hibernate: select groups0_.id as id1_0_0_, groups0_.group_id as group_id2_0_0_, groupdata1_.group_id as group_id1_2_1_, groupdata1_.group_footer as group_fo2_2_1_, groupdata1_.group_header as group_he3_2_1_, groupdata1_.group_name as group_na4_2_1_ from address_in_groups groups0_ inner join group_list groupdata1_ on groups0_.group_id=groupdata1_.group_id where groups0_.id=?
Hibernate: select groups0_.id as id1_0_0_, groups0_.group_id as group_id2_0_0_, groupdata1_.group_id as group_id1_2_1_, groupdata1_.group_footer as group_fo2_2_1_, groupdata1_.group_header as group_he3_2_1_, groupdata1_.group_name as group_na4_2_1_ from address_in_groups groups0_ inner join group_list groupdata1_ on groups0_.group_id=groupdata1_.group_id where groups0_.id=?
Hibernate: select groups0_.id as id1_0_0_, groups0_.group_id as group_id2_0_0_, groupdata1_.group_id as group_id1_2_1_, groupdata1_.group_footer as group_fo2_2_1_, groupdata1_.group_header as group_he3_2_1_, groupdata1_.group_name as group_na4_2_1_ from address_in_groups groups0_ inner join group_list groupdata1_ on groups0_.group_id=groupdata1_.group_id where groups0_.id=?
Hibernate: select groups0_.id as id1_0_0_, groups0_.group_id as group_id2_0_0_, groupdata1_.group_id as group_id1_2_1_, groupdata1_.group_footer as group_fo2_2_1_, groupdata1_.group_header as group_he3_2_1_, groupdata1_.group_name as group_na4_2_1_ from address_in_groups groups0_ inner join group_list groupdata1_ on groups0_.group_id=groupdata1_.group_id where groups0_.id=?
Hibernate: select groups0_.id as id1_0_0_, groups0_.group_id as group_id2_0_0_, groupdata1_.group_id as group_id1_2_1_, groupdata1_.group_footer as group_fo2_2_1_, groupdata1_.group_header as group_he3_2_1_, groupdata1_.group_name as group_na4_2_1_ from address_in_groups groups0_ inner join group_list groupdata1_ on groups0_.group_id=groupdata1_.group_id where groups0_.id=?
Hibernate: select groups0_.id as id1_0_0_, groups0_.group_id as group_id2_0_0_, groupdata1_.group_id as group_id1_2_1_, groupdata1_.group_footer as group_fo2_2_1_, groupdata1_.group_header as group_he3_2_1_, groupdata1_.group_name as group_na4_2_1_ from address_in_groups groups0_ inner join group_list groupdata1_ on groups0_.group_id=groupdata1_.group_id where groups0_.id=?
Hibernate: select groups0_.id as id1_0_0_, groups0_.group_id as group_id2_0_0_, groupdata1_.group_id as group_id1_2_1_, groupdata1_.group_footer as group_fo2_2_1_, groupdata1_.group_header as group_he3_2_1_, groupdata1_.group_name as group_na4_2_1_ from address_in_groups groups0_ inner join group_list groupdata1_ on groups0_.group_id=groupdata1_.group_id where groups0_.id=?
ContactData{firstname='Test1Edit', lastname='Test2Edit', mobile='+000000000', email='testEDIT@email.com', id=159}
ContactData{firstname='Firstname 0', lastname='Lastname 0', mobile='', email='test0@email.com', id=166}
ContactData{firstname='Test1Edit', lastname='Test2Edit', mobile='+000000000', email='testEDIT@email.com', id=167}
ContactData{firstname='Test1Edit', lastname='Test2Edit', mobile='+000000000', email='testEDIT@email.com', id=170}
ContactData{firstname='Firstname 2', lastname='Lastname 2', mobile='', email='test2@email.com', id=171}
ContactData{firstname='Firstname 0', lastname='Lastname 0', mobile='', email='test0@email.com', id=172}
ContactData{firstname='Firstname 1', lastname='Lastname 1', mobile='', email='test1@email.com', id=173}
ContactData{firstname='Firstname 2', lastname='Lastname 2', mobile='', email='test2@email.com', id=174}
Hibernate: select contactdat0_.id as id1_1_, contactdat0_.email as email2_1_, contactdat0_.firstname as firstnam3_1_, contactdat0_.home as home4_1_, contactdat0_.lastname as lastname5_1_, contactdat0_.mobile as mobile6_1_, contactdat0_.work as work7_1_ from addressbook contactdat0_ where deprecated='0000-00-00'
Hibernate: select groups0_.id as id1_0_0_, groups0_.group_id as group_id2_0_0_, groupdata1_.group_id as group_id1_2_1_, groupdata1_.group_footer as group_fo2_2_1_, groupdata1_.group_header as group_he3_2_1_, groupdata1_.group_name as group_na4_2_1_ from address_in_groups groups0_ inner join group_list groupdata1_ on groups0_.group_id=groupdata1_.group_id where groups0_.id=?
Hibernate: select groups0_.id as id1_0_0_, groups0_.group_id as group_id2_0_0_, groupdata1_.group_id as group_id1_2_1_, groupdata1_.group_footer as group_fo2_2_1_, groupdata1_.group_header as group_he3_2_1_, groupdata1_.group_name as group_na4_2_1_ from address_in_groups groups0_ inner join group_list groupdata1_ on groups0_.group_id=groupdata1_.group_id where groups0_.id=?
Hibernate: select groups0_.id as id1_0_0_, groups0_.group_id as group_id2_0_0_, groupdata1_.group_id as group_id1_2_1_, groupdata1_.group_footer as group_fo2_2_1_, groupdata1_.group_header as group_he3_2_1_, groupdata1_.group_name as group_na4_2_1_ from address_in_groups groups0_ inner join group_list groupdata1_ on groups0_.group_id=groupdata1_.group_id where groups0_.id=?
Hibernate: select groups0_.id as id1_0_0_, groups0_.group_id as group_id2_0_0_, groupdata1_.group_id as group_id1_2_1_, groupdata1_.group_footer as group_fo2_2_1_, groupdata1_.group_header as group_he3_2_1_, groupdata1_.group_name as group_na4_2_1_ from address_in_groups groups0_ inner join group_list groupdata1_ on groups0_.group_id=groupdata1_.group_id where groups0_.id=?
Hibernate: select groups0_.id as id1_0_0_, groups0_.group_id as group_id2_0_0_, groupdata1_.group_id as group_id1_2_1_, groupdata1_.group_footer as group_fo2_2_1_, groupdata1_.group_header as group_he3_2_1_, groupdata1_.group_name as group_na4_2_1_ from address_in_groups groups0_ inner join group_list groupdata1_ on groups0_.group_id=groupdata1_.group_id where groups0_.id=?
Hibernate: select groups0_.id as id1_0_0_, groups0_.group_id as group_id2_0_0_, groupdata1_.group_id as group_id1_2_1_, groupdata1_.group_footer as group_fo2_2_1_, groupdata1_.group_header as group_he3_2_1_, groupdata1_.group_name as group_na4_2_1_ from address_in_groups groups0_ inner join group_list groupdata1_ on groups0_.group_id=groupdata1_.group_id where groups0_.id=?
Hibernate: select groups0_.id as id1_0_0_, groups0_.group_id as group_id2_0_0_, groupdata1_.group_id as group_id1_2_1_, groupdata1_.group_footer as group_fo2_2_1_, groupdata1_.group_header as group_he3_2_1_, groupdata1_.group_name as group_na4_2_1_ from address_in_groups groups0_ inner join group_list groupdata1_ on groups0_.group_id=groupdata1_.group_id where groups0_.id=?
Hibernate: select groups0_.id as id1_0_0_, groups0_.group_id as group_id2_0_0_, groupdata1_.group_id as group_id1_2_1_, groupdata1_.group_footer as group_fo2_2_1_, groupdata1_.group_header as group_he3_2_1_, groupdata1_.group_name as group_na4_2_1_ from address_in_groups groups0_ inner join group_list groupdata1_ on groups0_.group_id=groupdata1_.group_id where groups0_.id=?
ContactData{firstname='Test1Edit', lastname='Test2Edit', mobile='+000000000', email='testEDIT@email.com', id=159}
ContactData{firstname='Firstname 0', lastname='Lastname 0', mobile='', email='test0@email.com', id=166}
ContactData{firstname='Test1Edit', lastname='Test2Edit', mobile='+000000000', email='testEDIT@email.com', id=167}
ContactData{firstname='Test1Edit', lastname='Test2Edit', mobile='+000000000', email='testEDIT@email.com', id=170}
ContactData{firstname='Firstname 2', lastname='Lastname 2', mobile='', email='test2@email.com', id=171}
ContactData{firstname='Firstname 0', lastname='Lastname 0', mobile='', email='test0@email.com', id=172}
ContactData{firstname='Firstname 1', lastname='Lastname 1', mobile='', email='test1@email.com', id=173}
ContactData{firstname='Firstname 2', lastname='Lastname 2', mobile='', email='test2@email.com', id=174}
Hibernate: select contactdat0_.id as id1_1_, contactdat0_.email as email2_1_, contactdat0_.firstname as firstnam3_1_, contactdat0_.home as home4_1_, contactdat0_.lastname as lastname5_1_, contactdat0_.mobile as mobile6_1_, contactdat0_.work as work7_1_ from addressbook contactdat0_ where deprecated='0000-00-00'
Hibernate: select groups0_.id as id1_0_0_, groups0_.group_id as group_id2_0_0_, groupdata1_.group_id as group_id1_2_1_, groupdata1_.group_footer as group_fo2_2_1_, groupdata1_.group_header as group_he3_2_1_, groupdata1_.group_name as group_na4_2_1_ from address_in_groups groups0_ inner join group_list groupdata1_ on groups0_.group_id=groupdata1_.group_id where groups0_.id=?
Hibernate: select groups0_.id as id1_0_0_, groups0_.group_id as group_id2_0_0_, groupdata1_.group_id as group_id1_2_1_, groupdata1_.group_footer as group_fo2_2_1_, groupdata1_.group_header as group_he3_2_1_, groupdata1_.group_name as group_na4_2_1_ from address_in_groups groups0_ inner join group_list groupdata1_ on groups0_.group_id=groupdata1_.group_id where groups0_.id=?
Hibernate: select groups0_.id as id1_0_0_, groups0_.group_id as group_id2_0_0_, groupdata1_.group_id as group_id1_2_1_, groupdata1_.group_footer as group_fo2_2_1_, groupdata1_.group_header as group_he3_2_1_, groupdata1_.group_name as group_na4_2_1_ from address_in_groups groups0_ inner join group_list groupdata1_ on groups0_.group_id=groupdata1_.group_id where groups0_.id=?
Hibernate: select groups0_.id as id1_0_0_, groups0_.group_id as group_id2_0_0_, groupdata1_.group_id as group_id1_2_1_, groupdata1_.group_footer as group_fo2_2_1_, groupdata1_.group_header as group_he3_2_1_, groupdata1_.group_name as group_na4_2_1_ from address_in_groups groups0_ inner join group_list groupdata1_ on groups0_.group_id=groupdata1_.group_id where groups0_.id=?
Hibernate: select groups0_.id as id1_0_0_, groups0_.group_id as group_id2_0_0_, groupdata1_.group_id as group_id1_2_1_, groupdata1_.group_footer as group_fo2_2_1_, groupdata1_.group_header as group_he3_2_1_, groupdata1_.group_name as group_na4_2_1_ from address_in_groups groups0_ inner join group_list groupdata1_ on groups0_.group_id=groupdata1_.group_id where groups0_.id=?
Hibernate: select groups0_.id as id1_0_0_, groups0_.group_id as group_id2_0_0_, groupdata1_.group_id as group_id1_2_1_, groupdata1_.group_footer as group_fo2_2_1_, groupdata1_.group_header as group_he3_2_1_, groupdata1_.group_name as group_na4_2_1_ from address_in_groups groups0_ inner join group_list groupdata1_ on groups0_.group_id=groupdata1_.group_id where groups0_.id=?
Hibernate: select groups0_.id as id1_0_0_, groups0_.group_id as group_id2_0_0_, groupdata1_.group_id as group_id1_2_1_, groupdata1_.group_footer as group_fo2_2_1_, groupdata1_.group_header as group_he3_2_1_, groupdata1_.group_name as group_na4_2_1_ from address_in_groups groups0_ inner join group_list groupdata1_ on groups0_.group_id=groupdata1_.group_id where groups0_.id=?
ContactData{firstname='Test1Edit', lastname='Test2Edit', mobile='+000000000', email='testEDIT@email.com', id=159}
ContactData{firstname='Firstname 0', lastname='Lastname 0', mobile='', email='test0@email.com', id=166}
ContactData{firstname='Test1Edit', lastname='Test2Edit', mobile='+000000000', email='testEDIT@email.com', id=167}
ContactData{firstname='Test1Edit', lastname='Test2Edit', mobile='+000000000', email='testEDIT@email.com', id=170}
ContactData{firstname='Firstname 0', lastname='Lastname 0', mobile='', email='test0@email.com', id=172}
ContactData{firstname='Firstname 1', lastname='Lastname 1', mobile='', email='test1@email.com', id=173}
ContactData{firstname='Firstname 2', lastname='Lastname 2', mobile='', email='test2@email.com', id=174}
21:42:09.281 [Test worker] INFO  r.s.pft.addressbook.tests.TestBase - Stop test contactDeletionTest with parameters []
]]></system-out>
  <system-err><![CDATA[]]></system-err>
</testsuite>
