<?xml version="1.0" encoding="UTF-8"?>
<testsuite name="ru.stqa.pft.addressbook.tests.DbConnectionTest" tests="1" skipped="0" failures="0" errors="0" timestamp="2021-06-17T01:42:13" hostname="Vladyslavs-MacBook-Pro.local" time="0.015">
  <properties/>
  <testcase name="testDbConnection" classname="ru.stqa.pft.addressbook.tests.DbConnectionTest" time="0.015"/>
  <system-out><![CDATA[[GroupData{name='test 2', id='183'}, GroupData{name='test1', id='180'}, GroupData{name='test1', id='182'}]
]]></system-out>
  <system-err><![CDATA[]]></system-err>
</testsuite>
